#
# There is insufficient memory for the Java Runtime Environment to continue.
# Native memory allocation (malloc) failed to allocate 476816 bytes for Chunk::new
# Possible reasons:
#   The system is out of physical RAM or swap space
#   The process is running with CompressedOops enabled, and the Java Heap may be blocking the growth of the native heap
# Possible solutions:
#   Reduce memory load on the system
#   Increase physical memory or swap space
#   Check if swap backing store is full
#   Decrease Java heap size (-Xmx/-Xms)
#   Decrease number of Java threads
#   Decrease Java thread stack sizes (-Xss)
#   Set larger code cache with -XX:ReservedCodeCacheSize=
#   JVM is running with Unscaled Compressed Oops mode in which the Java heap is
#     placed in the first 4GB address space. The Java Heap base address is the
#     maximum limit for the native heap growth. Please use -XX:HeapBaseMinAddress
#     to set the Java Heap base and to place the Java Heap above 4GB virtual address.
# This output file may be truncated or incomplete.
#
#  Out of Memory Error (./open/src/hotspot/share/memory/arena.cpp:197), pid=25672, tid=31016
#
# JRE version: Java(TM) SE Runtime Environment 18.9 (11.0.8+10) (build 11.0.8+10-LTS)
# Java VM: Java HotSpot(TM) 64-Bit Server VM 18.9 (11.0.8+10-LTS, mixed mode, tiered, compressed oops, parallel gc, windows-amd64)
# No core dump will be written. Minidumps are not enabled by default on client versions of Windows
#

---------------  S U M M A R Y ------------

Command Line: --add-modules=ALL-SYSTEM --add-opens=java.base/java.util=ALL-UNNAMED --add-opens=java.base/java.lang=ALL-UNNAMED -Declipse.application=org.eclipse.jdt.ls.core.id1 -Dosgi.bundles.defaultStartLevel=4 -Declipse.product=org.eclipse.jdt.ls.core.product -Dfile.encoding=utf8 -DwatchParentProcess=false -XX:+UseParallelGC -XX:GCTimeRatio=4 -XX:AdaptiveSizePolicyWeight=90 -Dsun.zip.disableMemoryMapping=true -Xmx1G -Xms100m -javaagent:c:\Users\Jack\.vscode\extensions\gabrielbb.vscode-lombok-1.0.1\server\lombok.jar -Xverify:none c:\Users\Jack\.vscode\extensions\redhat.java-0.79.1\server\plugins\org.eclipse.equinox.launcher_1.6.100.v20201223-0822.jar -configuration c:\Users\Jack\AppData\Roaming\Code\User\globalStorage\redhat.java\0.79.1\config_win -data c:\Users\Jack\AppData\Roaming\Code\User\workspaceStorage\a220578d426073c56a616c08d209dc50\redhat.java\jdt_ws

Host: Intel(R) Core(TM) i7-6500U CPU @ 2.50GHz, 4 cores, 15G,  Windows 10 , 64 bit Build 17763 (10.0.17763.1879)
Time: Fri May  7 18:06:36 2021 ¢¥eCN©öI¡¾©ö C¡ÍA¨ª¨öA elapsed time: 1 seconds (0d 0h 0m 1s)

---------------  T H R E A D  ---------------

Current thread (0x000001caf9326000):  JavaThread "C2 CompilerThread0" daemon [_thread_in_native, id=31016, stack(0x0000008902300000,0x0000008902400000)]


Current CompileTask:
C2:   1048  481       4       lombok.patcher.PatchScript::classMatches (41 bytes)

Stack: [0x0000008902300000,0x0000008902400000]
Native frames: (J=compiled Java code, j=interpreted, Vv=VM code, C=native code)
V  [jvm.dll+0x601aea]
V  [jvm.dll+0x737fef]
V  [jvm.dll+0x739675]
V  [jvm.dll+0x739cf3]
V  [jvm.dll+0x242848]
V  [jvm.dll+0xb999c]
V  [jvm.dll+0xb9f2c]
V  [jvm.dll+0x344162]
V  [jvm.dll+0x193099]
V  [jvm.dll+0x1fc3f2]
V  [jvm.dll+0x1fb49f]
V  [jvm.dll+0x17e0fc]
V  [jvm.dll+0x20aaa4]
V  [jvm.dll+0x208b7b]
V  [jvm.dll+0x6ff90c]
V  [jvm.dll+0x6f845c]
V  [jvm.dll+0x600d66]
C  [ucrtbase.dll+0x2268a]
C  [KERNEL32.DLL+0x17974]
C  [ntdll.dll+0x5a2f1]


---------------  P R O C E S S  ---------------

Threads class SMR info:
_java_thread_list=0x000001caf9fb6a00, length=11, elements={
0x000001caedd43000, 0x000001caedf7b000, 0x000001caedf7c800, 0x000001caf9323800,
0x000001caf9325000, 0x000001caf9326000, 0x000001caf9383000, 0x000001caf93ad800,
0x000001caf94a1800, 0x000001caf94e8000, 0x000001caf9fb7800
}

Java Threads: ( => current thread )
  0x000001caedd43000 JavaThread "main" [_thread_in_Java, id=32500, stack(0x0000008901c00000,0x0000008901d00000)]
  0x000001caedf7b000 JavaThread "Reference Handler" daemon [_thread_blocked, id=33132, stack(0x0000008901f00000,0x0000008902000000)]
  0x000001caedf7c800 JavaThread "Finalizer" daemon [_thread_blocked, id=34212, stack(0x0000008902000000,0x0000008902100000)]
  0x000001caf9323800 JavaThread "Signal Dispatcher" daemon [_thread_blocked, id=35632, stack(0x0000008902100000,0x0000008902200000)]
  0x000001caf9325000 JavaThread "Attach Listener" daemon [_thread_blocked, id=6532, stack(0x0000008902200000,0x0000008902300000)]
=>0x000001caf9326000 JavaThread "C2 CompilerThread0" daemon [_thread_in_native, id=31016, stack(0x0000008902300000,0x0000008902400000)]
  0x000001caf9383000 JavaThread "C1 CompilerThread0" daemon [_thread_blocked, id=26352, stack(0x0000008902400000,0x0000008902500000)]
  0x000001caf93ad800 JavaThread "Sweeper thread" daemon [_thread_blocked, id=3548, stack(0x0000008902500000,0x0000008902600000)]
  0x000001caf94a1800 JavaThread "Common-Cleaner" daemon [_thread_blocked, id=13328, stack(0x0000008902600000,0x0000008902700000)]
  0x000001caf94e8000 JavaThread "C2 CompilerThread1" daemon [_thread_blocked, id=16356, stack(0x0000008902700000,0x0000008902800000)]
  0x000001caf9fb7800 JavaThread "Service Thread" daemon [_thread_blocked, id=15476, stack(0x0000008902800000,0x0000008902900000)]

Other Threads:
  0x000001caf92c1000 VMThread "VM Thread" [stack: 0x0000008901e00000,0x0000008901f00000] [id=6892]
  0x000001caf965d800 WatcherThread [stack: 0x0000008902900000,0x0000008902a00000] [id=14588]
  0x000001caedd58000 GCTaskThread "ParGC Thread#0" [stack: 0x0000008901d00000,0x0000008901e00000] [id=27704]

Threads with active compile tasks:
C2 CompilerThread0   1175  481       4       lombok.patcher.PatchScript::classMatches (41 bytes)

VM state:not at safepoint (normal execution)

VM Mutex/Monitor currently owned by a thread: None

Heap address: 0x00000000c0000000, size: 1024 MB, Compressed Oops mode: 32-bit
Narrow klass base: 0x0000000000000000, Narrow klass shift: 3
Compressed class space size: 1073741824 Address: 0x0000000100000000

Heap:
 PSYoungGen      total 29696K, used 11909K [0x00000000eab00000, 0x00000000ecc00000, 0x0000000100000000)
  eden space 25600K, 46% used [0x00000000eab00000,0x00000000eb6a1580,0x00000000ec400000)
  from space 4096K, 0% used [0x00000000ec800000,0x00000000ec800000,0x00000000ecc00000)
  to   space 4096K, 0% used [0x00000000ec400000,0x00000000ec400000,0x00000000ec800000)
 ParOldGen       total 68608K, used 0K [0x00000000c0000000, 0x00000000c4300000, 0x00000000eab00000)
  object space 68608K, 0% used [0x00000000c0000000,0x00000000c0000000,0x00000000c4300000)
 Metaspace       used 8349K, capacity 8548K, committed 8832K, reserved 1056768K
  class space    used 748K, capacity 785K, committed 896K, reserved 1048576K

Card table byte_map: [0x000001caed690000,0x000001caed8a0000] _byte_map_base: 0x000001caed090000

Marking Bits: (ParMarkBitMap*) 0x00007fff0d45e2a0
 Begin Bits: [0x000001caf6970000, 0x000001caf7970000)
 End Bits:   [0x000001caf7970000, 0x000001caf8970000)

Polling page: 0x000001caed480000

Metaspace:

Usage:
  Non-class:      7.58 MB capacity,     7.42 MB ( 98%) used,   154.07 KB (  2%) free+waste,     7.25 KB ( <1%) overhead. 
      Class:    785.00 KB capacity,   748.03 KB ( 95%) used,    33.78 KB (  4%) free+waste,     3.19 KB ( <1%) overhead. 
       Both:      8.35 MB capacity,     8.15 MB ( 98%) used,   187.85 KB (  2%) free+waste,    10.44 KB ( <1%) overhead. 

Virtual space:
  Non-class space:        8.00 MB reserved,       7.75 MB ( 97%) committed 
      Class space:        1.00 GB reserved,     896.00 KB ( <1%) committed 
             Both:        1.01 GB reserved,       8.63 MB ( <1%) committed 

Chunk freelists:
   Non-Class:  5.63 KB
       Class:  1.88 KB
        Both:  7.50 KB

CodeHeap 'non-profiled nmethods': size=120064Kb used=173Kb max_used=173Kb free=119890Kb
 bounds [0x000001ca87ac0000, 0x000001ca87d30000, 0x000001ca8f000000]
CodeHeap 'profiled nmethods': size=120000Kb used=725Kb max_used=725Kb free=119274Kb
 bounds [0x000001ca80590000, 0x000001ca80800000, 0x000001ca87ac0000]
CodeHeap 'non-nmethods': size=5696Kb used=1062Kb max_used=1083Kb free=4633Kb
 bounds [0x000001ca80000000, 0x000001ca80270000, 0x000001ca80590000]
 total_blobs=874 nmethods=519 adapters=269
 compilation: enabled
              stopped_count=0, restarted_count=0
 full_count=0

Compilation events (10 events):
Event: 0.923 Thread 0x000001caf9326000 nmethod 479 0x000001ca87ae3910 code [0x000001ca87ae3aa0, 0x000001ca87ae3b98]
Event: 0.924 Thread 0x000001caf9326000  480       4       java.util.Collections$UnmodifiableCollection::iterator (9 bytes)
Event: 0.935 Thread 0x000001caf9383000  484  s    3       java.util.Properties::put (10 bytes)
Event: 0.935 Thread 0x000001caf9383000 nmethod 484 0x000001ca80633910 code [0x000001ca80633ac0, 0x000001ca80633e50]
Event: 0.935 Thread 0x000001caf9383000  485       3       java.lang.Integer::numberOfLeadingZeros (78 bytes)
Event: 0.935 Thread 0x000001caf9383000 nmethod 485 0x000001ca80633f90 code [0x000001ca80634140, 0x000001ca80634438]
Event: 0.939 Thread 0x000001caf9326000 nmethod 480 0x000001ca87ae3c90 code [0x000001ca87ae3e60, 0x000001ca87ae43f8]
Event: 0.939 Thread 0x000001caf9326000  481       4       lombok.patcher.PatchScript::classMatches (41 bytes)
Event: 1.012 Thread 0x000001caf94e8000 nmethod 467 0x000001ca87ae4790 code [0x000001ca87ae4a20, 0x000001ca87ae7360]
Event: 1.012 Thread 0x000001caf94e8000  486       4       lombok.patcher.scripts.MethodLevelPatchScript::patch (21 bytes)

GC Heap History (0 events):
No events

Deoptimization events (2 events):
Event: 0.479 Thread 0x000001caedd43000 Uncommon trap: reason=unstable_if action=reinterpret pc=0x000001ca87ac5178 method=java.lang.String.isLatin1()Z @ 10 c2
Event: 0.863 Thread 0x000001caedd43000 Uncommon trap: reason=unstable_if action=reinterpret pc=0x000001ca87acd228 method=java.util.HashMap.putVal(ILjava/lang/Object;Ljava/lang/Object;ZZ)Ljava/lang/Object; @ 181 c2

Classes redefined (0 events):
No events

Internal exceptions (2 events):
Event: 0.666 Thread 0x000001caedd43000 Exception <a 'java/lang/reflect/InvocationTargetException'{0x00000000eaf495f0}> (0x00000000eaf495f0) thrown at [./open/src/hotspot/share/runtime/reflection.cpp, line 1242]
Event: 0.698 Thread 0x000001caedd43000 Exception <a 'java/lang/NoSuchMethodError'{0x00000000eaff30a0}: java.lang.invoke.DirectMethodHandle$Holder.invokeSpecialIFC(Ljava/lang/Object;Ljava/lang/Object;I)I> (0x00000000eaff30a0) thrown at [./open/src/hotspot/share/interpreter/linkResolver.cpp, lin

Events (10 events):
Event: 0.944 loading class java/util/Collections$SynchronizedMap
Event: 0.944 loading class java/util/Collections$SynchronizedMap done
Event: 0.944 loading class sun/security/x509/Extension
Event: 0.944 loading class java/security/cert/Extension
Event: 0.945 loading class java/security/cert/Extension done
Event: 0.945 loading class sun/security/x509/Extension done
Event: 0.945 loading class sun/security/x509/OIDMap
Event: 0.945 loading class sun/security/x509/OIDMap done
Event: 0.945 loading class sun/security/x509/PKIXExtensions
Event: 0.945 loading class sun/security/x509/PKIXExtensions done


Dynamic libraries:
0x00007ff6532d0000 - 0x00007ff6532df000 	C:\Program Files\Java\jdk-11.0.8\bin\java.exe
0x00007fff53290000 - 0x00007fff5347c000 	C:\Windows\SYSTEM32\ntdll.dll
0x00007fff51aa0000 - 0x00007fff51b53000 	C:\Windows\System32\KERNEL32.DLL
0x00007fff4ff10000 - 0x00007fff501a4000 	C:\Windows\System32\KERNELBASE.dll
0x00007fff50230000 - 0x00007fff5032a000 	C:\Windows\System32\ucrtbase.dll
0x00007fff416a0000 - 0x00007fff416b8000 	C:\Program Files\Java\jdk-11.0.8\bin\jli.dll
0x00007fff51e20000 - 0x00007fff51ec3000 	C:\Windows\System32\ADVAPI32.dll
0x00007fff51ee0000 - 0x00007fff51f7e000 	C:\Windows\System32\msvcrt.dll
0x00007fff51c10000 - 0x00007fff51cae000 	C:\Windows\System32\sechost.dll
0x00007fff53090000 - 0x00007fff531af000 	C:\Windows\System32\RPCRT4.dll
0x00007fff52e90000 - 0x00007fff53027000 	C:\Windows\System32\USER32.dll
0x00007fff4faa0000 - 0x00007fff4fac0000 	C:\Windows\System32\win32u.dll
0x00007fff52130000 - 0x00007fff52159000 	C:\Windows\System32\GDI32.dll
0x00007fff4fb80000 - 0x00007fff4fd1c000 	C:\Windows\System32\gdi32full.dll
0x00007fff4fae0000 - 0x00007fff4fb80000 	C:\Windows\System32\msvcp_win.dll
0x00007fff403d0000 - 0x00007fff403e5000 	C:\Program Files\Java\jdk-11.0.8\bin\VCRUNTIME140.dll
0x00007fff3f8b0000 - 0x00007fff3fb29000 	C:\Windows\WinSxS\amd64_microsoft.windows.common-controls_6595b64144ccf1df_6.0.17763.1879_none_de7416585348d805\COMCTL32.dll
0x00007fff52620000 - 0x00007fff5294d000 	C:\Windows\System32\combase.dll
0x00007fff501b0000 - 0x00007fff5022f000 	C:\Windows\System32\bcryptPrimitives.dll
0x00007fff48ec0000 - 0x00007fff48eca000 	C:\Windows\SYSTEM32\VERSION.dll
0x00007fff51b60000 - 0x00007fff51b8e000 	C:\Windows\System32\IMM32.DLL
0x00007fff29c10000 - 0x00007fff29c78000 	C:\WWCNT\SYSTEM\printhk64.dll
0x00007fff4e200000 - 0x00007fff4e231000 	C:\Windows\SYSTEM32\ntmarta.dll
0x00007fff39410000 - 0x00007fff394b9000 	C:\Windows\INCOPS3\esdcnl64.dll
0x00007fff35330000 - 0x00007fff35415000 	C:\Windows\INCOPS3\ESATM64.dll
0x00007fff50540000 - 0x00007fff51a39000 	C:\Windows\System32\SHELL32.dll
0x00007fff50470000 - 0x00007fff504ba000 	C:\Windows\System32\cfgmgr32.dll
0x00007fff52de0000 - 0x00007fff52e88000 	C:\Windows\System32\shcore.dll
0x00007fff4f350000 - 0x00007fff4fa9b000 	C:\Windows\System32\windows.storage.dll
0x00007fff4f2a0000 - 0x00007fff4f2c4000 	C:\Windows\System32\profapi.dll
0x00007fff4f2d0000 - 0x00007fff4f32d000 	C:\Windows\System32\powrprof.dll
0x00007fff524e0000 - 0x00007fff52532000 	C:\Windows\System32\shlwapi.dll
0x00007fff4f280000 - 0x00007fff4f291000 	C:\Windows\System32\kernel.appcore.dll
0x00007fff4fac0000 - 0x00007fff4fad7000 	C:\Windows\System32\cryptsp.dll
0x00007fff52160000 - 0x00007fff522b6000 	C:\Windows\System32\ole32.dll
0x00007fff34f80000 - 0x00007fff35076000 	C:\Windows\INCOPS3\ESSCNL64.dll
0x00007fff37ec0000 - 0x00007fff37ed6000 	C:\PaperSecu\SPCOREHK64.dll
0x00007fff37df0000 - 0x00007fff37eb4000 	C:\PAPERSECU\PAPERHK64.DLL
0x00007fff40330000 - 0x00007fff403cb000 	C:\Program Files\Java\jdk-11.0.8\bin\msvcp140.dll
0x00007fff0ca30000 - 0x00007fff0d516000 	C:\Program Files\Java\jdk-11.0.8\bin\server\jvm.dll
0x00007fff525b0000 - 0x00007fff525b8000 	C:\Windows\System32\PSAPI.DLL
0x00007fff32290000 - 0x00007fff32299000 	C:\Windows\SYSTEM32\WSOCK32.dll
0x00007fff52540000 - 0x00007fff525ad000 	C:\Windows\System32\WS2_32.dll
0x00007fff4aa60000 - 0x00007fff4aa84000 	C:\Windows\SYSTEM32\WINMM.dll
0x00007fff4aa10000 - 0x00007fff4aa3d000 	C:\Windows\SYSTEM32\WINMMBASE.dll
0x00007fff4d3c0000 - 0x00007fff4d3d0000 	C:\Program Files\Java\jdk-11.0.8\bin\verify.dll
0x00007fff3aec0000 - 0x00007fff3b0ad000 	C:\Windows\SYSTEM32\DBGHELP.DLL
0x00007fff3aa90000 - 0x00007fff3aaba000 	C:\Windows\SYSTEM32\dbgcore.DLL
0x00007fff40300000 - 0x00007fff40328000 	C:\Program Files\Java\jdk-11.0.8\bin\java.dll
0x00007fff4ad70000 - 0x00007fff4ad7a000 	C:\Program Files\Java\jdk-11.0.8\bin\jimage.dll
0x00007fff402e0000 - 0x00007fff402ee000 	C:\Program Files\Java\jdk-11.0.8\bin\instrument.dll
0x00007fff40260000 - 0x00007fff40276000 	C:\Program Files\Java\jdk-11.0.8\bin\zip.dll
0x00007fff40240000 - 0x00007fff40259000 	C:\Program Files\Java\jdk-11.0.8\bin\net.dll
0x00007fff4b060000 - 0x00007fff4b15c000 	C:\Windows\SYSTEM32\WINHTTP.dll
0x00007fff4eac0000 - 0x00007fff4eb27000 	C:\Windows\system32\mswsock.dll
0x00007fff40220000 - 0x00007fff40232000 	C:\Program Files\Java\jdk-11.0.8\bin\nio.dll

dbghelp: loaded successfully - version: 4.0.5 - missing functions: none
symbol engine: initialized successfully - sym options: 0x614 - pdb path: .;C:\Program Files\Java\jdk-11.0.8\bin;C:\Windows\SYSTEM32;C:\Windows\WinSxS\amd64_microsoft.windows.common-controls_6595b64144ccf1df_6.0.17763.1879_none_de7416585348d805;C:\WWCNT\SYSTEM;C:\Windows\INCOPS3;C:\PaperSecu;C:\Program Files\Java\jdk-11.0.8\bin\server

VM Arguments:
jvm_args: --add-modules=ALL-SYSTEM --add-opens=java.base/java.util=ALL-UNNAMED --add-opens=java.base/java.lang=ALL-UNNAMED -Declipse.application=org.eclipse.jdt.ls.core.id1 -Dosgi.bundles.defaultStartLevel=4 -Declipse.product=org.eclipse.jdt.ls.core.product -Dfile.encoding=utf8 -DwatchParentProcess=false -XX:+UseParallelGC -XX:GCTimeRatio=4 -XX:AdaptiveSizePolicyWeight=90 -Dsun.zip.disableMemoryMapping=true -Xmx1G -Xms100m -javaagent:c:\Users\Jack\.vscode\extensions\gabrielbb.vscode-lombok-1.0.1\server\lombok.jar -Xverify:none 
java_command: c:\Users\Jack\.vscode\extensions\redhat.java-0.79.1\server\plugins\org.eclipse.equinox.launcher_1.6.100.v20201223-0822.jar -configuration c:\Users\Jack\AppData\Roaming\Code\User\globalStorage\redhat.java\0.79.1\config_win -data c:\Users\Jack\AppData\Roaming\Code\User\workspaceStorage\a220578d426073c56a616c08d209dc50\redhat.java\jdt_ws
java_class_path (initial): c:\Users\Jack\.vscode\extensions\redhat.java-0.79.1\server\plugins\org.eclipse.equinox.launcher_1.6.100.v20201223-0822.jar
Launcher Type: SUN_STANDARD

[Global flags]
    uintx AdaptiveSizePolicyWeight                 = 90                                        {product} {command line}
     bool BytecodeVerificationLocal                = false                                     {product} {command line}
     bool BytecodeVerificationRemote               = false                                     {product} {command line}
     intx CICompilerCount                          = 3                                         {product} {ergonomic}
    uintx GCTimeRatio                              = 4                                         {product} {command line}
   size_t InitialHeapSize                          = 104857600                                 {product} {command line}
   size_t MaxHeapSize                              = 1073741824                                {product} {command line}
   size_t MaxNewSize                               = 357564416                                 {product} {ergonomic}
   size_t MinHeapDeltaBytes                        = 524288                                    {product} {ergonomic}
   size_t NewSize                                  = 34603008                                  {product} {ergonomic}
    uintx NonNMethodCodeHeapSize                   = 5830732                                {pd product} {ergonomic}
    uintx NonProfiledCodeHeapSize                  = 122913754                              {pd product} {ergonomic}
   size_t OldSize                                  = 70254592                                  {product} {ergonomic}
    uintx ProfiledCodeHeapSize                     = 122913754                              {pd product} {ergonomic}
    uintx ReservedCodeCacheSize                    = 251658240                              {pd product} {ergonomic}
     bool SegmentedCodeCache                       = true                                      {product} {ergonomic}
     bool UseCompressedClassPointers               = true                                 {lp64_product} {ergonomic}
     bool UseCompressedOops                        = true                                 {lp64_product} {ergonomic}
     bool UseLargePagesIndividualAllocation        = false                                  {pd product} {ergonomic}
     bool UseParallelGC                            = true                                      {product} {command line}

Logging:
Log output configuration:
 #0: stdout all=warning uptime,level,tags
 #1: stderr all=off uptime,level,tags

Environment Variables:
JAVA_HOME=C:\Program Files\Java\jdk-11.0.8
PATH=C:\Program Files\Common Files\Oracle\Java\javapath;C:\Python38\Scripts\;C:\Python38\;C:\Program Files (x86)\Common Files\Oracle\Java\javapath;C:\Program Files (x86)\Intel\Intel(R) Management Engine Components\iCLS\;C:\Program Files\Intel\Intel(R) Management Engine Components\iCLS\;C:\Windows\system32;C:\Windows;C:\Windows\System32\Wbem;C:\Windows\System32\WindowsPowerShell\v1.0\;C:\Windows\System32\OpenSSH\;C:\Program Files (x86)\Intel\Intel(R) Management Engine Components\DAL;C:\Program Files\Intel\Intel(R) Management Engine Components\DAL;C:\Program Files (x86)\Intel\Intel(R) Management Engine Components\IPT;C:\Program Files\Intel\Intel(R) Management Engine Components\IPT;C:\Program Files (x86)\NVIDIA Corporation\PhysX\Common;C:\Program Files\Git\cmd;C:\Program Files\Java\jdk-11.0.8\bin;C:\Program Files (x86)\mingw-w64\i686-8.1.0-posix-dwarf-rt_v6-rev0\mingw32\bin;C:\Users\Jack\Desktop\Jack\DID\spring boot\apache-maven-3.6.3\bin;C:\Program Files\nodejs\;C:\ProgramData\chocolatey\bin;C:\SoftHSM2\lib;C:\Users\Jack\AppData\Local\Programs\Python\Python38-32\Scripts\;C:\Users\Jack\AppData\Local\Programs\Python\Python38-32\;C:\Users\Jack\AppData\Local\Programs\Python\Python37\Scripts\;C:\Users\Jack\AppData\Local\Programs\Python\Python37\;C:\Users\Jack\AppData\Local\Microsoft\WindowsApps;C:\Users\Jack\AppData\Local\Programs\Microsoft VS Code\bin;C:\Users\Jack\AppData\Roaming\npm
USERNAME=jg.kang
OS=Windows_NT
PROCESSOR_IDENTIFIER=Intel64 Family 6 Model 78 Stepping 3, GenuineIntel



---------------  S Y S T E M  ---------------

OS: Windows 10 , 64 bit Build 17763 (10.0.17763.1879)

CPU:total 4 (initial active 4) (2 cores per cpu, 2 threads per core) family 6 model 78 stepping 3, cmov, cx8, fxsr, mmx, sse, sse2, sse3, ssse3, sse4.1, sse4.2, popcnt, avx, avx2, aes, clmul, erms, 3dnowpref, lzcnt, ht, tsc, tscinvbit, bmi1, bmi2, adx, fma

Memory: 4k page, system-wide physical 16148M (1454M free)
TotalPageFile size 16148M (AvailPageFile size 5M)
current process WorkingSet (physical memory assigned to process): 56M, peak: 56M
current process commit charge ("private bytes"): 189M, peak: 190M

vm_info: Java HotSpot(TM) 64-Bit Server VM (11.0.8+10-LTS) for windows-amd64 JRE (11.0.8+10-LTS), built on Jun 16 2020 05:53:08 by "mach5one" with unknown MS VC++:1916

END.
